build/app/intermediates/manifest_merge_blame_file/release/manifest-merger-blame-release-report.txt
1<?xml version="1.0" encoding="utf-8"?>
2<manifest xmlns:android="http://schemas.android.com/apk/res/android"
3    package="com.example.monkey_mind"
4    android:versionCode="1"
5    android:versionName="1.0.0" >
6
7    <uses-sdk
8        android:minSdkVersion="21"
8-->src/main/AndroidManifest.xml
9        android:targetSdkVersion="31" />
9-->src/main/AndroidManifest.xml
10
11    <uses-permission android:name="android.permission.INTERNET" />
11-->[com.amplifyframework:core:1.33.0] AndroidManifest.xml:24:5-67
11-->[com.amplifyframework:core:1.33.0] AndroidManifest.xml:24:22-64
12    <uses-permission android:name="android.permission.ACCESS_NETWORK_STATE" /> <!-- Permission will be merged into the manifest of the hosting app. -->
12-->[com.amazonaws:aws-android-sdk-pinpoint:2.41.0] AndroidManifest.xml:10:5-79
12-->[com.amazonaws:aws-android-sdk-pinpoint:2.41.0] AndroidManifest.xml:10:22-76
13    <!-- Is required to launch foreground extraction service for targetSdkVersion 28+. -->
14    <uses-permission android:name="android.permission.FOREGROUND_SERVICE" />
14-->[com.google.android.play:core:1.9.1] AndroidManifest.xml:8:3-74
14-->[com.google.android.play:core:1.9.1] AndroidManifest.xml:8:20-72
15
16    <application
17        android:name="android.app.Application"
17-->src/main/AndroidManifest.xml:5:9-42
18        android:appComponentFactory="androidx.core.app.CoreComponentFactory"
18-->[androidx.core:core:1.6.0] AndroidManifest.xml:24:18-86
19        android:icon="@mipmap/ic_launcher"
19-->src/main/AndroidManifest.xml:6:9-43
20        android:label="monkey_mind" >
20-->src/main/AndroidManifest.xml:4:9-36
21        <activity
21-->src/main/AndroidManifest.xml:7:9-27:20
22            android:name="com.example.monkey_mind.MainActivity"
22-->src/main/AndroidManifest.xml:8:13-41
23            android:configChanges="orientation|keyboardHidden|keyboard|screenSize|smallestScreenSize|locale|layoutDirection|fontScale|screenLayout|density|uiMode"
23-->src/main/AndroidManifest.xml:12:13-163
24            android:exported="true"
24-->src/main/AndroidManifest.xml:9:13-36
25            android:hardwareAccelerated="true"
25-->src/main/AndroidManifest.xml:13:13-47
26            android:launchMode="singleTop"
26-->src/main/AndroidManifest.xml:10:13-43
27            android:theme="@style/LaunchTheme"
27-->src/main/AndroidManifest.xml:11:13-47
28            android:windowSoftInputMode="adjustResize" >
28-->src/main/AndroidManifest.xml:14:13-55
29
30            <!--
31                 Specifies an Android theme to apply to this Activity as soon as
32                 the Android process has started. This theme is visible to the user
33                 while the Flutter UI initializes. After that, this theme continues
34                 to determine the Window background behind the Flutter UI.
35            -->
36            <meta-data
36-->src/main/AndroidManifest.xml:19:13-22:17
37                android:name="io.flutter.embedding.android.NormalTheme"
37-->src/main/AndroidManifest.xml:20:15-70
38                android:resource="@style/NormalTheme" />
38-->src/main/AndroidManifest.xml:21:15-52
39
40            <intent-filter>
40-->src/main/AndroidManifest.xml:23:13-26:29
41                <action android:name="android.intent.action.MAIN" />
41-->src/main/AndroidManifest.xml:24:17-68
41-->src/main/AndroidManifest.xml:24:25-66
42
43                <category android:name="android.intent.category.LAUNCHER" />
43-->src/main/AndroidManifest.xml:25:17-76
43-->src/main/AndroidManifest.xml:25:27-74
44            </intent-filter>
45        </activity>
46        <!--
47             Don't delete the meta-data below.
48             This is used by the Flutter tool to generate GeneratedPluginRegistrant.java
49        -->
50        <meta-data
50-->src/main/AndroidManifest.xml:30:9-32:33
51            android:name="flutterEmbedding"
51-->src/main/AndroidManifest.xml:31:13-44
52            android:value="2" />
52-->src/main/AndroidManifest.xml:32:13-30
53
54        <activity
54-->[:amplify_analytics_pinpoint_android] AndroidManifest.xml:8:9-10:40
55            android:name="com.amazonaws.amplify.amplify_analytics_pinpoint.EmptyActivity"
55-->[:amplify_analytics_pinpoint_android] AndroidManifest.xml:9:13-90
56            android:exported="false" />
56-->[:amplify_analytics_pinpoint_android] AndroidManifest.xml:10:13-37
57        <activity
57-->[com.amplifyframework:core:1.33.0] AndroidManifest.xml:27:9-29:54
58            android:name="com.amplifyframework.devmenu.DeveloperMenuActivity"
58-->[com.amplifyframework:core:1.33.0] AndroidManifest.xml:28:13-78
59            android:theme="@style/OverlayActivity" />
59-->[com.amplifyframework:core:1.33.0] AndroidManifest.xml:29:13-51
60
61        <uses-library
61-->[androidx.window:window:1.0.0-beta04] AndroidManifest.xml:25:9-27:40
62            android:name="androidx.window.extensions"
62-->[androidx.window:window:1.0.0-beta04] AndroidManifest.xml:26:13-54
63            android:required="false" />
63-->[androidx.window:window:1.0.0-beta04] AndroidManifest.xml:27:13-37
64        <uses-library
64-->[androidx.window:window:1.0.0-beta04] AndroidManifest.xml:28:9-30:40
65            android:name="androidx.window.sidecar"
65-->[androidx.window:window:1.0.0-beta04] AndroidManifest.xml:29:13-51
66            android:required="false" />
66-->[androidx.window:window:1.0.0-beta04] AndroidManifest.xml:30:13-37
67
68        <activity
68-->[com.amazonaws:aws-android-sdk-cognitoauth:2.41.0] AndroidManifest.xml:12:9-16:75
69            android:name="com.amazonaws.mobileconnectors.cognitoauth.activities.CustomTabsManagerActivity"
69-->[com.amazonaws:aws-android-sdk-cognitoauth:2.41.0] AndroidManifest.xml:13:13-107
70            android:exported="false"
70-->[com.amazonaws:aws-android-sdk-cognitoauth:2.41.0] AndroidManifest.xml:14:13-37
71            android:launchMode="singleTask"
71-->[com.amazonaws:aws-android-sdk-cognitoauth:2.41.0] AndroidManifest.xml:15:13-44
72            android:theme="@android:style/Theme.Translucent.NoTitleBar" />
72-->[com.amazonaws:aws-android-sdk-cognitoauth:2.41.0] AndroidManifest.xml:16:13-72
73
74        <uses-library
74-->[com.amazonaws:aws-android-sdk-core:2.41.0] AndroidManifest.xml:11:9-13:40
75            android:name="org.apache.http.legacy"
75-->[com.amazonaws:aws-android-sdk-core:2.41.0] AndroidManifest.xml:12:13-50
76            android:required="false" /> <!-- The activities will be merged into the manifest of the hosting app. -->
76-->[com.amazonaws:aws-android-sdk-core:2.41.0] AndroidManifest.xml:13:13-37
77        <activity
77-->[com.google.android.play:core:1.9.1] AndroidManifest.xml:12:5-271
78            android:name="com.google.android.play.core.missingsplits.PlayCoreMissingSplitsActivity"
78-->[com.google.android.play:core:1.9.1] AndroidManifest.xml:12:15-102
79            android:enabled="false"
79-->[com.google.android.play:core:1.9.1] AndroidManifest.xml:12:103-126
80            android:exported="false"
80-->[com.google.android.play:core:1.9.1] AndroidManifest.xml:12:127-151
81            android:launchMode="singleInstance"
81-->[com.google.android.play:core:1.9.1] AndroidManifest.xml:12:204-239
82            android:process=":playcore_missing_splits_activity"
82-->[com.google.android.play:core:1.9.1] AndroidManifest.xml:12:152-203
83            android:stateNotNeeded="true" />
83-->[com.google.android.play:core:1.9.1] AndroidManifest.xml:12:240-269
84        <activity
84-->[com.google.android.play:core:1.9.1] AndroidManifest.xml:13:5-226
85            android:name="com.google.android.play.core.common.PlayCoreDialogWrapperActivity"
85-->[com.google.android.play:core:1.9.1] AndroidManifest.xml:13:15-95
86            android:enabled="false"
86-->[com.google.android.play:core:1.9.1] AndroidManifest.xml:13:96-119
87            android:exported="false"
87-->[com.google.android.play:core:1.9.1] AndroidManifest.xml:13:120-144
88            android:stateNotNeeded="true"
88-->[com.google.android.play:core:1.9.1] AndroidManifest.xml:13:145-174
89            android:theme="@style/Theme.PlayCore.Transparent" /> <!-- The services will be merged into the manifest of the hosting app. -->
89-->[com.google.android.play:core:1.9.1] AndroidManifest.xml:13:175-224
90        <service
90-->[com.google.android.play:core:1.9.1] AndroidManifest.xml:16:5-18:15
91            android:name="com.google.android.play.core.assetpacks.AssetPackExtractionService"
91-->[com.google.android.play:core:1.9.1] AndroidManifest.xml:16:14-95
92            android:enabled="false"
92-->[com.google.android.play:core:1.9.1] AndroidManifest.xml:16:96-119
93            android:exported="true" >
93-->[com.google.android.play:core:1.9.1] AndroidManifest.xml:16:120-143
94            <meta-data
94-->[com.google.android.play:core:1.9.1] AndroidManifest.xml:17:7-108
95                android:name="com.google.android.play.core.assetpacks.versionCode"
95-->[com.google.android.play:core:1.9.1] AndroidManifest.xml:17:18-84
96                android:value="10901" />
96-->[com.google.android.play:core:1.9.1] AndroidManifest.xml:17:85-106
97        </service>
98        <service
98-->[com.google.android.play:core:1.9.1] AndroidManifest.xml:19:5-147
99            android:name="com.google.android.play.core.assetpacks.ExtractionForegroundService"
99-->[com.google.android.play:core:1.9.1] AndroidManifest.xml:19:14-96
100            android:enabled="false"
100-->[com.google.android.play:core:1.9.1] AndroidManifest.xml:19:97-120
101            android:exported="false" />
101-->[com.google.android.play:core:1.9.1] AndroidManifest.xml:19:121-145
102    </application>
103
104</manifest>